#
# There is insufficient memory for the Java Runtime Environment to continue.
# Native memory allocation (mmap) failed to map 65536 bytes for Failed to commit metaspace.
# Possible reasons:
#   The system is out of physical RAM or swap space
#   The process is running with CompressedOops enabled, and the Java Heap may be blocking the growth of the native heap
# Possible solutions:
#   Reduce memory load on the system
#   Increase physical memory or swap space
#   Check if swap backing store is full
#   Decrease Java heap size (-Xmx/-Xms)
#   Decrease number of Java threads
#   Decrease Java thread stack sizes (-Xss)
#   Set larger code cache with -XX:ReservedCodeCacheSize=
#   JVM is running with Unscaled Compressed Oops mode in which the Java heap is
#     placed in the first 4GB address space. The Java Heap base address is the
#     maximum limit for the native heap growth. Please use -XX:HeapBaseMinAddress
#     to set the Java Heap base and to place the Java Heap above 4GB virtual address.
# This output file may be truncated or incomplete.
#
#  Out of Memory Error (virtualSpaceNode.cpp:110), pid=21000, tid=18436
#
# JRE version: Java(TM) SE Runtime Environment (18.0.1.1+2) (build 18.0.1.1+2-6)
# Java VM: Java HotSpot(TM) 64-Bit Server VM (18.0.1.1+2-6, mixed mode, sharing, tiered, compressed oops, compressed class ptrs, g1 gc, windows-amd64)
# No core dump will be written. Minidumps are not enabled by default on client versions of Windows
#

---------------  S U M M A R Y ------------

Command Line: c:\Users\modug\.vscode\extensions\salesforce.salesforce-vscode-slds-1.4.8\lsp-0.0.13-executable.jar --PORT=53352

Host: Intel(R) Core(TM) i5-10500H CPU @ 2.50GHz, 12 cores, 7G,  Windows 11 , 64 bit Build 22621 (10.0.22621.1778)
Time: Tue Jun 27 09:39:33 2023 India Standard Time elapsed time: 5.167866 seconds (0d 0h 0m 5s)

---------------  T H R E A D  ---------------

Current thread (0x0000013d6779d6b0):  JavaThread "main" [_thread_in_vm, id=18436, stack(0x0000001877600000,0x0000001877700000)]

Stack: [0x0000001877600000,0x0000001877700000]
Native frames: (J=compiled Java code, j=interpreted, Vv=VM code, C=native code)
V  [jvm.dll+0x69887a]
V  [jvm.dll+0x7f38bd]
V  [jvm.dll+0x7f51ce]
V  [jvm.dll+0x7f5883]
V  [jvm.dll+0x25ca3f]
V  [jvm.dll+0x7ef5cb]
V  [jvm.dll+0x63ea76]
V  [jvm.dll+0x1d721e]
V  [jvm.dll+0x64141b]
V  [jvm.dll+0x64121e]
V  [jvm.dll+0x63f43e]
V  [jvm.dll+0x25108f]
V  [jvm.dll+0x649a75]
V  [jvm.dll+0x202381]
V  [jvm.dll+0x2028b5]
V  [jvm.dll+0x2032ef]
V  [jvm.dll+0x1f8781]
V  [jvm.dll+0x55d685]
V  [jvm.dll+0x76db23]
V  [jvm.dll+0x76dc04]
V  [jvm.dll+0x42d234]
V  [jvm.dll+0x432f3f]
C  [java.dll+0x17ec]

Java frames: (J=compiled Java code, j=interpreted, Vv=VM code)
J 855  java.lang.ClassLoader.defineClass1(Ljava/lang/ClassLoader;Ljava/lang/String;[BIILjava/security/ProtectionDomain;Ljava/lang/String;)Ljava/lang/Class; java.base@18.0.1.1 (0 bytes) @ 0x0000013d76bf1e63 [0x0000013d76bf1da0+0x00000000000000c3]
J 1349 c1 java.lang.ClassLoader.defineClass(Ljava/lang/String;[BIILjava/security/ProtectionDomain;)Ljava/lang/Class; java.base@18.0.1.1 (43 bytes) @ 0x0000013d6f89ebd4 [0x0000013d6f89e880+0x0000000000000354]
J 1006 c1 java.security.SecureClassLoader.defineClass(Ljava/lang/String;[BIILjava/security/CodeSource;)Ljava/lang/Class; java.base@18.0.1.1 (16 bytes) @ 0x0000013d6f819d8c [0x0000013d6f819cc0+0x00000000000000cc]
J 896 c1 java.net.URLClassLoader.defineClass(Ljava/lang/String;Ljdk/internal/loader/Resource;)Ljava/lang/Class; java.base@18.0.1.1 (224 bytes) @ 0x0000013d6f7ecdf4 [0x0000013d6f7eb720+0x00000000000016d4]
J 989 c1 java.net.URLClassLoader$1.run()Ljava/lang/Class; java.base@18.0.1.1 (81 bytes) @ 0x0000013d6f8112cc [0x0000013d6f8106a0+0x0000000000000c2c]
J 890 c1 java.net.URLClassLoader$1.run()Ljava/lang/Object; java.base@18.0.1.1 (5 bytes) @ 0x0000013d6f7e94c4 [0x0000013d6f7e9440+0x0000000000000084]
J 891 c1 java.security.AccessController.doPrivileged(Ljava/security/PrivilegedExceptionAction;Ljava/security/AccessControlContext;)Ljava/lang/Object; java.base@18.0.1.1 (26 bytes) @ 0x0000013d6f7e99fc [0x0000013d6f7e9820+0x00000000000001dc]
J 888 c1 java.net.URLClassLoader.findClass(Ljava/lang/String;)Ljava/lang/Class; java.base@18.0.1.1 (47 bytes) @ 0x0000013d6f7e869c [0x0000013d6f7e8500+0x000000000000019c]
J 887 c1 java.lang.ClassLoader.loadClass(Ljava/lang/String;Z)Ljava/lang/Class; java.base@18.0.1.1 (121 bytes) @ 0x0000013d6f7e75f4 [0x0000013d6f7e7040+0x00000000000005b4]
J 729 c1 org.springframework.boot.loader.LaunchedURLClassLoader.loadClass(Ljava/lang/String;Z)Ljava/lang/Class; (75 bytes) @ 0x0000013d6f7a438c [0x0000013d6f7a4020+0x000000000000036c]
J 746 c1 java.lang.ClassLoader.loadClass(Ljava/lang/String;)Ljava/lang/Class; java.base@18.0.1.1 (7 bytes) @ 0x0000013d6f7ac6cc [0x0000013d6f7ac5c0+0x000000000000010c]
v  ~StubRoutines::call_stub
j  org.springframework.beans.factory.config.PlaceholderConfigurerSupport.doProcessProperties(Lorg/springframework/beans/factory/config/ConfigurableListableBeanFactory;Lorg/springframework/util/StringValueResolver;)V+0
j  org.springframework.context.support.PropertySourcesPlaceholderConfigurer.processProperties(Lorg/springframework/beans/factory/config/ConfigurableListableBeanFactory;Lorg/springframework/core/env/ConfigurablePropertyResolver;)V+41
j  org.springframework.context.support.PropertySourcesPlaceholderConfigurer.postProcessBeanFactory(Lorg/springframework/beans/factory/config/ConfigurableListableBeanFactory;)V+114
j  org.springframework.context.support.PostProcessorRegistrationDelegate.invokeBeanFactoryPostProcessors(Ljava/util/Collection;Lorg/springframework/beans/factory/config/ConfigurableListableBeanFactory;)V+28
j  org.springframework.context.support.PostProcessorRegistrationDelegate.invokeBeanFactoryPostProcessors(Lorg/springframework/beans/factory/config/ConfigurableListableBeanFactory;Ljava/util/List;)V+673
j  org.springframework.context.support.AbstractApplicationContext.invokeBeanFactoryPostProcessors(Lorg/springframework/beans/factory/config/ConfigurableListableBeanFactory;)V+5
j  org.springframework.context.support.AbstractApplicationContext.refresh()V+28
j  org.springframework.boot.SpringApplication.refresh(Lorg/springframework/context/ConfigurableApplicationContext;)V+1
j  org.springframework.boot.SpringApplication.refresh(Lorg/springframework/context/ApplicationContext;)V+11
j  org.springframework.boot.SpringApplication.refreshContext(Lorg/springframework/context/ConfigurableApplicationContext;)V+2
j  org.springframework.boot.SpringApplication.run([Ljava/lang/String;)Lorg/springframework/context/ConfigurableApplicationContext;+118
j  org.springframework.boot.SpringApplication.run([Ljava/lang/Class;[Ljava/lang/String;)Lorg/springframework/context/ConfigurableApplicationContext;+9
j  org.springframework.boot.SpringApplication.run(Ljava/lang/Class;[Ljava/lang/String;)Lorg/springframework/context/ConfigurableApplicationContext;+9
j  com.salesforce.slds.lsp.ServerLauncher.main([Ljava/lang/String;)V+3
j  java.lang.invoke.LambdaForm$DMH+0x0000000800c0c800.invokeStatic(Ljava/lang/Object;Ljava/lang/Object;)V+10 java.base@18.0.1.1
j  java.lang.invoke.LambdaForm$MH+0x0000000800c0d800.invoke(Ljava/lang/Object;Ljava/lang/Object;Ljava/lang/Object;)Ljava/lang/Object;+33 java.base@18.0.1.1
j  java.lang.invoke.Invokers$Holder.invokeExact_MT(Ljava/lang/Object;Ljava/lang/Object;Ljava/lang/Object;Ljava/lang/Object;)Ljava/lang/Object;+20 java.base@18.0.1.1
j  jdk.internal.reflect.DirectMethodHandleAccessor.invokeImpl(Ljava/lang/Object;[Ljava/lang/Object;)Ljava/lang/Object;+55 java.base@18.0.1.1
j  jdk.internal.reflect.DirectMethodHandleAccessor.invoke(Ljava/lang/Object;[Ljava/lang/Object;)Ljava/lang/Object;+23 java.base@18.0.1.1
j  java.lang.reflect.Method.invoke(Ljava/lang/Object;[Ljava/lang/Object;)Ljava/lang/Object;+102 java.base@18.0.1.1
j  org.springframework.boot.loader.MainMethodRunner.run()V+43
j  org.springframework.boot.loader.Launcher.launch([Ljava/lang/String;Ljava/lang/String;Ljava/lang/ClassLoader;)V+14
j  org.springframework.boot.loader.Launcher.launch([Ljava/lang/String;)V+19
j  org.springframework.boot.loader.JarLauncher.main([Ljava/lang/String;)V+8
v  ~StubRoutines::call_stub

---------------  P R O C E S S  ---------------

Threads class SMR info:
_java_thread_list=0x0000013d0b9399c0, length=13, elements={
0x0000013d6779d6b0, 0x0000013d7f7ac7a0, 0x0000013d7f7ad140, 0x0000013d7f7c7480,
0x0000013d7f7c7e20, 0x0000013d7f7c87c0, 0x0000013d7f7cbdb0, 0x0000013d7f7d0590,
0x0000013d7f7da0a0, 0x0000013d7f804180, 0x0000013d0a0fdae0, 0x0000013d0a0fe210,
0x0000013d0ae13890
}

Java Threads: ( => current thread )
=>0x0000013d6779d6b0 JavaThread "main" [_thread_in_vm, id=18436, stack(0x0000001877600000,0x0000001877700000)]
  0x0000013d7f7ac7a0 JavaThread "Reference Handler" daemon [_thread_blocked, id=11724, stack(0x0000001877d00000,0x0000001877e00000)]
  0x0000013d7f7ad140 JavaThread "Finalizer" daemon [_thread_blocked, id=25424, stack(0x0000001877e00000,0x0000001877f00000)]
  0x0000013d7f7c7480 JavaThread "Signal Dispatcher" daemon [_thread_blocked, id=27096, stack(0x0000001877f00000,0x0000001878000000)]
  0x0000013d7f7c7e20 JavaThread "Attach Listener" daemon [_thread_blocked, id=2520, stack(0x0000001878000000,0x0000001878100000)]
  0x0000013d7f7c87c0 JavaThread "Service Thread" daemon [_thread_blocked, id=13432, stack(0x0000001878100000,0x0000001878200000)]
  0x0000013d7f7cbdb0 JavaThread "Monitor Deflation Thread" daemon [_thread_blocked, id=9576, stack(0x0000001878200000,0x0000001878300000)]
  0x0000013d7f7d0590 JavaThread "C2 CompilerThread0" daemon [_thread_blocked, id=19260, stack(0x0000001878300000,0x0000001878400000)]
  0x0000013d7f7da0a0 JavaThread "C1 CompilerThread0" daemon [_thread_blocked, id=25800, stack(0x0000001878400000,0x0000001878500000)]
  0x0000013d7f804180 JavaThread "Sweeper thread" daemon [_thread_blocked, id=8588, stack(0x0000001878500000,0x0000001878600000)]
  0x0000013d0a0fdae0 JavaThread "Notification Thread" daemon [_thread_blocked, id=17500, stack(0x0000001878600000,0x0000001878700000)]
  0x0000013d0a0fe210 JavaThread "Common-Cleaner" daemon [_thread_blocked, id=6628, stack(0x0000001878800000,0x0000001878900000)]
  0x0000013d0ae13890 JavaThread "C2 CompilerThread1" daemon [_thread_blocked, id=17864, stack(0x0000001878900000,0x0000001878a00000)]

Other Threads:
  0x0000013d7f7a7f30 VMThread "VM Thread" [stack: 0x0000001877c00000,0x0000001877d00000] [id=13628]
  0x0000013d0a0fdfa0 WatcherThread "VM Periodic Task Thread" [stack: 0x0000001878700000,0x0000001878800000] [id=7560]
  0x0000013d677fcbb0 WorkerThread "GC Thread#0" [stack: 0x0000001877700000,0x0000001877800000] [id=26188]
  0x0000013d0ab39170 WorkerThread "GC Thread#1" [stack: 0x0000001878a00000,0x0000001878b00000] [id=13244]
  0x0000013d0ad15e10 WorkerThread "GC Thread#2" [stack: 0x0000001878b00000,0x0000001878c00000] [id=3212]
  0x0000013d0ad158d0 WorkerThread "GC Thread#3" [stack: 0x0000001878c00000,0x0000001878d00000] [id=10380]
  0x0000013d0ad16dd0 WorkerThread "GC Thread#4" [stack: 0x0000001878d00000,0x0000001878e00000] [id=27560]
  0x0000013d0ad16890 WorkerThread "GC Thread#5" [stack: 0x0000001878e00000,0x0000001878f00000] [id=20620]
  0x0000013d6780e6d0 ConcurrentGCThread "G1 Main Marker" [stack: 0x0000001877800000,0x0000001877900000] [id=19176]
  0x0000013d6780f860 WorkerThread "G1 Conc#0" [stack: 0x0000001877900000,0x0000001877a00000] [id=21396]
  0x0000013d6784aa70 ConcurrentGCThread "G1 Refine#0" [stack: 0x0000001877a00000,0x0000001877b00000] [id=19288]
  0x0000013d6784d240 ConcurrentGCThread "G1 Service" [stack: 0x0000001877b00000,0x0000001877c00000] [id=12224]

Threads with active compile tasks:

VM state: not at safepoint (normal execution)

VM Mutex/Monitor currently owned by a thread:  ([mutex/lock_event])
[0x0000013d677967c0] Metaspace_lock - owner thread: 0x0000013d6779d6b0

Heap address: 0x0000000082c00000, size: 2004 MB, Compressed Oops mode: 32-bit

CDS archive(s) mapped at: [0x0000000800000000-0x0000000800ba0000-0x0000000800ba0000), size 12189696, SharedBaseAddress: 0x0000000800000000, ArchiveRelocationMode: 0.
Compressed class space mapped at: 0x0000000800c00000-0x0000000840c00000, reserved size: 1073741824
Narrow klass base: 0x0000000800000000, Narrow klass shift: 0, Narrow klass range: 0x100000000

GC Precious Log:
 CardTable entry size: 512
 Card Set container configuration: InlinePtr #cards 5 size 8 Array Of Cards #cards 12 size 40 Howl #buckets 4 coarsen threshold 1843 Howl Bitmap #cards 512 size 80 coarsen threshold 460 Card regions per heap region 1 cards per card region 2048
 CPUs: 12 total, 12 available
 Memory: 8013M
 Large Page Support: Disabled
 NUMA Support: Disabled
 Compressed Oops: Enabled (32-bit)
 Heap Region Size: 1M
 Heap Min Capacity: 8M
 Heap Initial Capacity: 126M
 Heap Max Capacity: 2004M
 Pre-touch: Disabled
 Parallel Workers: 10
 Concurrent Workers: 3
 Concurrent Refinement Workers: 10
 Periodic GC: Disabled

Heap:
 garbage-first heap   total 129024K, used 59540K [0x0000000082c00000, 0x0000000100000000)
  region size 1024K, 60 young (61440K), 4 survivors (4096K)
 Metaspace       used 10682K, committed 10880K, reserved 1114112K
  class space    used 1253K, committed 1344K, reserved 1048576K

Heap Regions: E=young(eden), S=young(survivor), O=old, HS=humongous(starts), HC=humongous(continues), CS=collection set, F=free, OA=open archive, CA=closed archive, TAMS=top-at-mark-start (previous, next)
|   0|0x0000000082c00000, 0x0000000082c00000, 0x0000000082d00000|  0%| F|  |TAMS 0x0000000082c00000, 0x0000000082c00000| Untracked 
|   1|0x0000000082d00000, 0x0000000082d00000, 0x0000000082e00000|  0%| F|  |TAMS 0x0000000082d00000, 0x0000000082d00000| Untracked 
|   2|0x0000000082e00000, 0x0000000082e00000, 0x0000000082f00000|  0%| F|  |TAMS 0x0000000082e00000, 0x0000000082e00000| Untracked 
|   3|0x0000000082f00000, 0x0000000082f00000, 0x0000000083000000|  0%| F|  |TAMS 0x0000000082f00000, 0x0000000082f00000| Untracked 
|   4|0x0000000083000000, 0x0000000083000000, 0x0000000083100000|  0%| F|  |TAMS 0x0000000083000000, 0x0000000083000000| Untracked 
|   5|0x0000000083100000, 0x0000000083100000, 0x0000000083200000|  0%| F|  |TAMS 0x0000000083100000, 0x0000000083100000| Untracked 
|   6|0x0000000083200000, 0x0000000083200000, 0x0000000083300000|  0%| F|  |TAMS 0x0000000083200000, 0x0000000083200000| Untracked 
|   7|0x0000000083300000, 0x0000000083300000, 0x0000000083400000|  0%| F|  |TAMS 0x0000000083300000, 0x0000000083300000| Untracked 
|   8|0x0000000083400000, 0x0000000083400000, 0x0000000083500000|  0%| F|  |TAMS 0x0000000083400000, 0x0000000083400000| Untracked 
|   9|0x0000000083500000, 0x0000000083500000, 0x0000000083600000|  0%| F|  |TAMS 0x0000000083500000, 0x0000000083500000| Untracked 
|  10|0x0000000083600000, 0x0000000083600000, 0x0000000083700000|  0%| F|  |TAMS 0x0000000083600000, 0x0000000083600000| Untracked 
|  11|0x0000000083700000, 0x0000000083700000, 0x0000000083800000|  0%| F|  |TAMS 0x0000000083700000, 0x0000000083700000| Untracked 
|  12|0x0000000083800000, 0x0000000083800000, 0x0000000083900000|  0%| F|  |TAMS 0x0000000083800000, 0x0000000083800000| Untracked 
|  13|0x0000000083900000, 0x0000000083900000, 0x0000000083a00000|  0%| F|  |TAMS 0x0000000083900000, 0x0000000083900000| Untracked 
|  14|0x0000000083a00000, 0x0000000083a00000, 0x0000000083b00000|  0%| F|  |TAMS 0x0000000083a00000, 0x0000000083a00000| Untracked 
|  15|0x0000000083b00000, 0x0000000083b00000, 0x0000000083c00000|  0%| F|  |TAMS 0x0000000083b00000, 0x0000000083b00000| Untracked 
|  16|0x0000000083c00000, 0x0000000083c00000, 0x0000000083d00000|  0%| F|  |TAMS 0x0000000083c00000, 0x0000000083c00000| Untracked 
|  17|0x0000000083d00000, 0x0000000083d00000, 0x0000000083e00000|  0%| F|  |TAMS 0x0000000083d00000, 0x0000000083d00000| Untracked 
|  18|0x0000000083e00000, 0x0000000083e00000, 0x0000000083f00000|  0%| F|  |TAMS 0x0000000083e00000, 0x0000000083e00000| Untracked 
|  19|0x0000000083f00000, 0x0000000083f00000, 0x0000000084000000|  0%| F|  |TAMS 0x0000000083f00000, 0x0000000083f00000| Untracked 
|  20|0x0000000084000000, 0x0000000084000000, 0x0000000084100000|  0%| F|  |TAMS 0x0000000084000000, 0x0000000084000000| Untracked 
|  21|0x0000000084100000, 0x0000000084100000, 0x0000000084200000|  0%| F|  |TAMS 0x0000000084100000, 0x0000000084100000| Untracked 
|  22|0x0000000084200000, 0x0000000084200000, 0x0000000084300000|  0%| F|  |TAMS 0x0000000084200000, 0x0000000084200000| Untracked 
|  23|0x0000000084300000, 0x0000000084300000, 0x0000000084400000|  0%| F|  |TAMS 0x0000000084300000, 0x0000000084300000| Untracked 
|  24|0x0000000084400000, 0x0000000084400000, 0x0000000084500000|  0%| F|  |TAMS 0x0000000084400000, 0x0000000084400000| Untracked 
|  25|0x0000000084500000, 0x0000000084500000, 0x0000000084600000|  0%| F|  |TAMS 0x0000000084500000, 0x0000000084500000| Untracked 
|  26|0x0000000084600000, 0x0000000084600000, 0x0000000084700000|  0%| F|  |TAMS 0x0000000084600000, 0x0000000084600000| Untracked 
|  27|0x0000000084700000, 0x0000000084700000, 0x0000000084800000|  0%| F|  |TAMS 0x0000000084700000, 0x0000000084700000| Untracked 
|  28|0x0000000084800000, 0x0000000084800000, 0x0000000084900000|  0%| F|  |TAMS 0x0000000084800000, 0x0000000084800000| Untracked 
|  29|0x0000000084900000, 0x0000000084900000, 0x0000000084a00000|  0%| F|  |TAMS 0x0000000084900000, 0x0000000084900000| Untracked 
|  30|0x0000000084a00000, 0x0000000084a00000, 0x0000000084b00000|  0%| F|  |TAMS 0x0000000084a00000, 0x0000000084a00000| Untracked 
|  31|0x0000000084b00000, 0x0000000084b00000, 0x0000000084c00000|  0%| F|  |TAMS 0x0000000084b00000, 0x0000000084b00000| Untracked 
|  32|0x0000000084c00000, 0x0000000084c00000, 0x0000000084d00000|  0%| F|  |TAMS 0x0000000084c00000, 0x0000000084c00000| Untracked 
|  33|0x0000000084d00000, 0x0000000084d00000, 0x0000000084e00000|  0%| F|  |TAMS 0x0000000084d00000, 0x0000000084d00000| Untracked 
|  34|0x0000000084e00000, 0x0000000084e00000, 0x0000000084f00000|  0%| F|  |TAMS 0x0000000084e00000, 0x0000000084e00000| Untracked 
|  35|0x0000000084f00000, 0x0000000084f00000, 0x0000000085000000|  0%| F|  |TAMS 0x0000000084f00000, 0x0000000084f00000| Untracked 
|  36|0x0000000085000000, 0x0000000085000000, 0x0000000085100000|  0%| F|  |TAMS 0x0000000085000000, 0x0000000085000000| Untracked 
|  37|0x0000000085100000, 0x0000000085100000, 0x0000000085200000|  0%| F|  |TAMS 0x0000000085100000, 0x0000000085100000| Untracked 
|  38|0x0000000085200000, 0x0000000085200000, 0x0000000085300000|  0%| F|  |TAMS 0x0000000085200000, 0x0000000085200000| Untracked 
|  39|0x0000000085300000, 0x0000000085300000, 0x0000000085400000|  0%| F|  |TAMS 0x0000000085300000, 0x0000000085300000| Untracked 
|  40|0x0000000085400000, 0x0000000085400000, 0x0000000085500000|  0%| F|  |TAMS 0x0000000085400000, 0x0000000085400000| Untracked 
|  41|0x0000000085500000, 0x0000000085500000, 0x0000000085600000|  0%| F|  |TAMS 0x0000000085500000, 0x0000000085500000| Untracked 
|  42|0x0000000085600000, 0x0000000085600000, 0x0000000085700000|  0%| F|  |TAMS 0x0000000085600000, 0x0000000085600000| Untracked 
|  43|0x0000000085700000, 0x0000000085700000, 0x0000000085800000|  0%| F|  |TAMS 0x0000000085700000, 0x0000000085700000| Untracked 
|  44|0x0000000085800000, 0x0000000085800000, 0x0000000085900000|  0%| F|  |TAMS 0x0000000085800000, 0x0000000085800000| Untracked 
|  45|0x0000000085900000, 0x0000000085900000, 0x0000000085a00000|  0%| F|  |TAMS 0x0000000085900000, 0x0000000085900000| Untracked 
|  46|0x0000000085a00000, 0x0000000085a00000, 0x0000000085b00000|  0%| F|  |TAMS 0x0000000085a00000, 0x0000000085a00000| Untracked 
|  47|0x0000000085b00000, 0x0000000085b00000, 0x0000000085c00000|  0%| F|  |TAMS 0x0000000085b00000, 0x0000000085b00000| Untracked 
|  48|0x0000000085c00000, 0x0000000085c00000, 0x0000000085d00000|  0%| F|  |TAMS 0x0000000085c00000, 0x0000000085c00000| Untracked 
|  49|0x0000000085d00000, 0x0000000085d00000, 0x0000000085e00000|  0%| F|  |TAMS 0x0000000085d00000, 0x0000000085d00000| Untracked 
|  50|0x0000000085e00000, 0x0000000085e00000, 0x0000000085f00000|  0%| F|  |TAMS 0x0000000085e00000, 0x0000000085e00000| Untracked 
|  51|0x0000000085f00000, 0x0000000085f00000, 0x0000000086000000|  0%| F|  |TAMS 0x0000000085f00000, 0x0000000085f00000| Untracked 
|  52|0x0000000086000000, 0x0000000086000000, 0x0000000086100000|  0%| F|  |TAMS 0x0000000086000000, 0x0000000086000000| Untracked 
|  53|0x0000000086100000, 0x0000000086100000, 0x0000000086200000|  0%| F|  |TAMS 0x0000000086100000, 0x0000000086100000| Untracked 
|  54|0x0000000086200000, 0x0000000086200000, 0x0000000086300000|  0%| F|  |TAMS 0x0000000086200000, 0x0000000086200000| Untracked 
|  55|0x0000000086300000, 0x0000000086300000, 0x0000000086400000|  0%| F|  |TAMS 0x0000000086300000, 0x0000000086300000| Untracked 
|  56|0x0000000086400000, 0x0000000086400000, 0x0000000086500000|  0%| F|  |TAMS 0x0000000086400000, 0x0000000086400000| Untracked 
|  57|0x0000000086500000, 0x0000000086500000, 0x0000000086600000|  0%| F|  |TAMS 0x0000000086500000, 0x0000000086500000| Untracked 
|  58|0x0000000086600000, 0x0000000086600000, 0x0000000086700000|  0%| F|  |TAMS 0x0000000086600000, 0x0000000086600000| Untracked 
|  59|0x0000000086700000, 0x0000000086700000, 0x0000000086800000|  0%| F|  |TAMS 0x0000000086700000, 0x0000000086700000| Untracked 
|  60|0x0000000086800000, 0x0000000086800000, 0x0000000086900000|  0%| F|  |TAMS 0x0000000086800000, 0x0000000086800000| Untracked 
|  61|0x0000000086900000, 0x0000000086900000, 0x0000000086a00000|  0%| F|  |TAMS 0x0000000086900000, 0x0000000086900000| Untracked 
|  62|0x0000000086a00000, 0x0000000086a00000, 0x0000000086b00000|  0%| F|  |TAMS 0x0000000086a00000, 0x0000000086a00000| Untracked 
|  63|0x0000000086b00000, 0x0000000086b00000, 0x0000000086c00000|  0%| F|  |TAMS 0x0000000086b00000, 0x0000000086b00000| Untracked 
|  64|0x0000000086c00000, 0x0000000086c00000, 0x0000000086d00000|  0%| F|  |TAMS 0x0000000086c00000, 0x0000000086c00000| Untracked 
|  65|0x0000000086d00000, 0x0000000086d00000, 0x0000000086e00000|  0%| F|  |TAMS 0x0000000086d00000, 0x0000000086d00000| Untracked 
|  66|0x0000000086e00000, 0x0000000086f00000, 0x0000000086f00000|100%| E|  |TAMS 0x0000000086e00000, 0x0000000086e00000| Complete 
|  67|0x0000000086f00000, 0x0000000087000000, 0x0000000087000000|100%| E|CS|TAMS 0x0000000086f00000, 0x0000000086f00000| Complete 
|  68|0x0000000087000000, 0x0000000087100000, 0x0000000087100000|100%| E|CS|TAMS 0x0000000087000000, 0x0000000087000000| Complete 
|  69|0x0000000087100000, 0x0000000087200000, 0x0000000087200000|100%| E|CS|TAMS 0x0000000087100000, 0x0000000087100000| Complete 
|  70|0x0000000087200000, 0x0000000087300000, 0x0000000087300000|100%| E|CS|TAMS 0x0000000087200000, 0x0000000087200000| Complete 
|  71|0x0000000087300000, 0x0000000087400000, 0x0000000087400000|100%| E|CS|TAMS 0x0000000087300000, 0x0000000087300000| Complete 
|  72|0x0000000087400000, 0x0000000087500000, 0x0000000087500000|100%| E|CS|TAMS 0x0000000087400000, 0x0000000087400000| Complete 
|  73|0x0000000087500000, 0x0000000087600000, 0x0000000087600000|100%| E|CS|TAMS 0x0000000087500000, 0x0000000087500000| Complete 
|  74|0x0000000087600000, 0x0000000087700000, 0x0000000087700000|100%| E|CS|TAMS 0x0000000087600000, 0x0000000087600000| Complete 
|  75|0x0000000087700000, 0x0000000087800000, 0x0000000087800000|100%| E|CS|TAMS 0x0000000087700000, 0x0000000087700000| Complete 
|  76|0x0000000087800000, 0x0000000087900000, 0x0000000087900000|100%| E|CS|TAMS 0x0000000087800000, 0x0000000087800000| Complete 
|  77|0x0000000087900000, 0x0000000087a00000, 0x0000000087a00000|100%| E|CS|TAMS 0x0000000087900000, 0x0000000087900000| Complete 
|  78|0x0000000087a00000, 0x0000000087b00000, 0x0000000087b00000|100%| E|CS|TAMS 0x0000000087a00000, 0x0000000087a00000| Complete 
|  79|0x0000000087b00000, 0x0000000087c00000, 0x0000000087c00000|100%| E|CS|TAMS 0x0000000087b00000, 0x0000000087b00000| Complete 
|  80|0x0000000087c00000, 0x0000000087d00000, 0x0000000087d00000|100%| E|CS|TAMS 0x0000000087c00000, 0x0000000087c00000| Complete 
|  81|0x0000000087d00000, 0x0000000087e00000, 0x0000000087e00000|100%| E|CS|TAMS 0x0000000087d00000, 0x0000000087d00000| Complete 
|  82|0x0000000087e00000, 0x0000000087f00000, 0x0000000087f00000|100%| E|CS|TAMS 0x0000000087e00000, 0x0000000087e00000| Complete 
|  83|0x0000000087f00000, 0x0000000088000000, 0x0000000088000000|100%| E|CS|TAMS 0x0000000087f00000, 0x0000000087f00000| Complete 
|  84|0x0000000088000000, 0x0000000088100000, 0x0000000088100000|100%| E|CS|TAMS 0x0000000088000000, 0x0000000088000000| Complete 
|  85|0x0000000088100000, 0x0000000088200000, 0x0000000088200000|100%| E|CS|TAMS 0x0000000088100000, 0x0000000088100000| Complete 
|  86|0x0000000088200000, 0x0000000088300000, 0x0000000088300000|100%| E|CS|TAMS 0x0000000088200000, 0x0000000088200000| Complete 
|  87|0x0000000088300000, 0x0000000088325390, 0x0000000088400000| 14%| S|CS|TAMS 0x0000000088300000, 0x0000000088300000| Complete 
|  88|0x0000000088400000, 0x0000000088500000, 0x0000000088500000|100%| S|CS|TAMS 0x0000000088400000, 0x0000000088400000| Complete 
|  89|0x0000000088500000, 0x0000000088600000, 0x0000000088600000|100%| S|CS|TAMS 0x0000000088500000, 0x0000000088500000| Complete 
|  90|0x0000000088600000, 0x0000000088700000, 0x0000000088700000|100%| S|CS|TAMS 0x0000000088600000, 0x0000000088600000| Complete 
|  91|0x0000000088700000, 0x0000000088800000, 0x0000000088800000|100%| E|CS|TAMS 0x0000000088700000, 0x0000000088700000| Complete 
|  92|0x0000000088800000, 0x0000000088900000, 0x0000000088900000|100%| E|CS|TAMS 0x0000000088800000, 0x0000000088800000| Complete 
|  93|0x0000000088900000, 0x0000000088a00000, 0x0000000088a00000|100%| E|CS|TAMS 0x0000000088900000, 0x0000000088900000| Complete 
|  94|0x0000000088a00000, 0x0000000088b00000, 0x0000000088b00000|100%| E|CS|TAMS 0x0000000088a00000, 0x0000000088a00000| Complete 
|  95|0x0000000088b00000, 0x0000000088c00000, 0x0000000088c00000|100%| E|CS|TAMS 0x0000000088b00000, 0x0000000088b00000| Complete 
|  96|0x0000000088c00000, 0x0000000088d00000, 0x0000000088d00000|100%| E|CS|TAMS 0x0000000088c00000, 0x0000000088c00000| Complete 
|  97|0x0000000088d00000, 0x0000000088e00000, 0x0000000088e00000|100%| E|CS|TAMS 0x0000000088d00000, 0x0000000088d00000| Complete 
|  98|0x0000000088e00000, 0x0000000088f00000, 0x0000000088f00000|100%| E|CS|TAMS 0x0000000088e00000, 0x0000000088e00000| Complete 
|  99|0x0000000088f00000, 0x0000000089000000, 0x0000000089000000|100%| E|CS|TAMS 0x0000000088f00000, 0x0000000088f00000| Complete 
| 100|0x0000000089000000, 0x0000000089100000, 0x0000000089100000|100%| E|CS|TAMS 0x0000000089000000, 0x0000000089000000| Complete 
| 101|0x0000000089100000, 0x0000000089200000, 0x0000000089200000|100%| E|CS|TAMS 0x0000000089100000, 0x0000000089100000| Complete 
| 102|0x0000000089200000, 0x0000000089300000, 0x0000000089300000|100%| E|CS|TAMS 0x0000000089200000, 0x0000000089200000| Complete 
| 103|0x0000000089300000, 0x0000000089400000, 0x0000000089400000|100%| E|CS|TAMS 0x0000000089300000, 0x0000000089300000| Complete 
| 104|0x0000000089400000, 0x0000000089500000, 0x0000000089500000|100%| E|CS|TAMS 0x0000000089400000, 0x0000000089400000| Complete 
| 105|0x0000000089500000, 0x0000000089600000, 0x0000000089600000|100%| E|CS|TAMS 0x0000000089500000, 0x0000000089500000| Complete 
| 106|0x0000000089600000, 0x0000000089700000, 0x0000000089700000|100%| E|CS|TAMS 0x0000000089600000, 0x0000000089600000| Complete 
| 107|0x0000000089700000, 0x0000000089800000, 0x0000000089800000|100%| E|CS|TAMS 0x0000000089700000, 0x0000000089700000| Complete 
| 108|0x0000000089800000, 0x0000000089900000, 0x0000000089900000|100%| E|CS|TAMS 0x0000000089800000, 0x0000000089800000| Complete 
| 109|0x0000000089900000, 0x0000000089a00000, 0x0000000089a00000|100%| E|CS|TAMS 0x0000000089900000, 0x0000000089900000| Complete 
| 110|0x0000000089a00000, 0x0000000089b00000, 0x0000000089b00000|100%| E|CS|TAMS 0x0000000089a00000, 0x0000000089a00000| Complete 
| 111|0x0000000089b00000, 0x0000000089c00000, 0x0000000089c00000|100%| E|CS|TAMS 0x0000000089b00000, 0x0000000089b00000| Complete 
| 112|0x0000000089c00000, 0x0000000089d00000, 0x0000000089d00000|100%| E|CS|TAMS 0x0000000089c00000, 0x0000000089c00000| Complete 
| 113|0x0000000089d00000, 0x0000000089e00000, 0x0000000089e00000|100%| E|CS|TAMS 0x0000000089d00000, 0x0000000089d00000| Complete 
| 114|0x0000000089e00000, 0x0000000089f00000, 0x0000000089f00000|100%| E|CS|TAMS 0x0000000089e00000, 0x0000000089e00000| Complete 
| 115|0x0000000089f00000, 0x000000008a000000, 0x000000008a000000|100%| E|CS|TAMS 0x0000000089f00000, 0x0000000089f00000| Complete 
| 116|0x000000008a000000, 0x000000008a100000, 0x000000008a100000|100%| E|CS|TAMS 0x000000008a000000, 0x000000008a000000| Complete 
| 117|0x000000008a100000, 0x000000008a200000, 0x000000008a200000|100%| E|CS|TAMS 0x000000008a100000, 0x000000008a100000| Complete 
| 118|0x000000008a200000, 0x000000008a300000, 0x000000008a300000|100%| E|CS|TAMS 0x000000008a200000, 0x000000008a200000| Complete 
| 119|0x000000008a300000, 0x000000008a400000, 0x000000008a400000|100%| E|CS|TAMS 0x000000008a300000, 0x000000008a300000| Complete 
| 120|0x000000008a400000, 0x000000008a500000, 0x000000008a500000|100%| E|CS|TAMS 0x000000008a400000, 0x000000008a400000| Complete 
| 121|0x000000008a500000, 0x000000008a600000, 0x000000008a600000|100%| E|CS|TAMS 0x000000008a500000, 0x000000008a500000| Complete 
| 122|0x000000008a600000, 0x000000008a700000, 0x000000008a700000|100%| E|CS|TAMS 0x000000008a600000, 0x000000008a600000| Complete 
| 123|0x000000008a700000, 0x000000008a800000, 0x000000008a800000|100%| E|CS|TAMS 0x000000008a700000, 0x000000008a700000| Complete 
| 124|0x000000008a800000, 0x000000008a900000, 0x000000008a900000|100%| E|CS|TAMS 0x000000008a800000, 0x000000008a800000| Complete 
| 125|0x000000008a900000, 0x000000008aa00000, 0x000000008aa00000|100%| E|CS|TAMS 0x000000008a900000, 0x000000008a900000| Complete 

Card table byte_map: [0x0000013d7ea10000,0x0000013d7ee00000] _byte_map_base: 0x0000013d7e5fa000

Marking Bits (Prev, Next): (CMBitMap*) 0x0000013d677fd1b0, (CMBitMap*) 0x0000013d677fd1f0
 Prev Bits: [0x0000013d00000000, 0x0000013d01f50000)
 Next Bits: [0x0000013d01f50000, 0x0000013d03ea0000)

Polling page: 0x0000013d65770000

Metaspace:

Usage:
  Non-class:      9.21 MB used.
      Class:      1.22 MB used.
       Both:     10.43 MB used.

Virtual space:
  Non-class space:       64.00 MB reserved,       9.31 MB ( 15%) committed,  1 nodes.
      Class space:        1.00 GB reserved,       1.31 MB ( <1%) committed,  1 nodes.
             Both:        1.06 GB reserved,      10.62 MB ( <1%) committed. 

Chunk freelists:
   Non-Class:  1.80 MB
       Class:  2.64 MB
        Both:  4.44 MB

MaxMetaspaceSize: unlimited
CompressedClassSpaceSize: 1.00 GB
Initial GC threshold: 21.00 MB
Current GC threshold: 21.00 MB
CDS: on
MetaspaceReclaimPolicy: balanced
 - commit_granule_bytes: 65536.
 - commit_granule_words: 8192.
 - virtual_space_node_default_size: 8388608.
 - enlarge_chunks_in_place: 1.
 - new_chunks_are_fully_committed: 0.
 - uncommit_free_chunks: 1.
 - use_allocation_guard: 0.


Internal statistics:

num_allocs_failed_limit: 0.
num_arena_births: 166.
num_arena_deaths: 0.
num_vsnodes_births: 2.
num_vsnodes_deaths: 0.
num_space_committed: 170.
num_space_uncommitted: 0.
num_chunks_returned_to_freelist: 0.
num_chunks_taken_from_freelist: 511.
num_chunk_merges: 0.
num_chunk_splits: 341.
num_chunks_enlarged: 269.
num_inconsistent_stats: 0.

CodeHeap 'non-profiled nmethods': size=120000Kb used=996Kb max_used=996Kb free=119003Kb
 bounds [0x0000013d76ba0000, 0x0000013d76e10000, 0x0000013d7e0d0000]
CodeHeap 'profiled nmethods': size=120000Kb used=4016Kb max_used=4016Kb free=115983Kb
 bounds [0x0000013d6f670000, 0x0000013d6fa60000, 0x0000013d76ba0000]
CodeHeap 'non-nmethods': size=5760Kb used=1173Kb max_used=1221Kb free=4586Kb
 bounds [0x0000013d6f0d0000, 0x0000013d6f340000, 0x0000013d6f670000]
 total_blobs=2613 nmethods=2162 adapters=363
 compilation: enabled
              stopped_count=0, restarted_count=0
 full_count=0

Compilation events (20 events):
Event: 5.139 Thread 0x0000013d7f7da0a0 2157       1       org.springframework.cglib.core.ReflectUtils$6::getSignature (5 bytes)
Event: 5.139 Thread 0x0000013d7f7da0a0 nmethod 2157 0x0000013d76c98b10 code [0x0000013d76c98ca0, 0x0000013d76c98d78]
Event: 5.139 Thread 0x0000013d7f7da0a0 2160       3       org.springframework.asm.Type::getOpcode (284 bytes)
Event: 5.141 Thread 0x0000013d7f7da0a0 nmethod 2160 0x0000013d6fa54e10 code [0x0000013d6fa550a0, 0x0000013d6fa55d98]
Event: 5.141 Thread 0x0000013d7f7da0a0 2162       3       org.springframework.asm.Type::getArgumentTypes (154 bytes)
Event: 5.147 Thread 0x0000013d0ae13890 2165       4       org.springframework.asm.SymbolTable::get (13 bytes)
Event: 5.148 Thread 0x0000013d7f7da0a0 nmethod 2162 0x0000013d6fa56090 code [0x0000013d6fa56540, 0x0000013d6fa58e48]
Event: 5.148 Thread 0x0000013d7f7da0a0 2164       3       org.springframework.asm.Label::resolve (219 bytes)
Event: 5.149 Thread 0x0000013d0ae13890 nmethod 2165 0x0000013d76c98e10 code [0x0000013d76c98f80, 0x0000013d76c99058]
Event: 5.150 Thread 0x0000013d7f7da0a0 nmethod 2164 0x0000013d6fa59d90 code [0x0000013d6fa59f60, 0x0000013d6fa5a498]
Event: 5.150 Thread 0x0000013d7f7da0a0 2163       3       org.springframework.asm.MethodVisitor::visitInsn (16 bytes)
Event: 5.150 Thread 0x0000013d7f7da0a0 nmethod 2163 0x0000013d6fa5a790 code [0x0000013d6fa5a940, 0x0000013d6fa5ab48]
Event: 5.150 Thread 0x0000013d7f7da0a0 2166       3       java.lang.invoke.MemberName::isField (8 bytes)
Event: 5.151 Thread 0x0000013d7f7da0a0 nmethod 2166 0x0000013d6fa5ac10 code [0x0000013d6fa5adc0, 0x0000013d6fa5aff8]
Event: 5.151 Thread 0x0000013d7f7da0a0 2161       3       org.springframework.asm.Frame::getConcreteOutputType (111 bytes)
Event: 5.152 Thread 0x0000013d7f7da0a0 nmethod 2161 0x0000013d6fa5b110 code [0x0000013d6fa5b2c0, 0x0000013d6fa5b698]
Event: 5.163 Thread 0x0000013d7f7da0a0 2167       3       java.util.concurrent.CopyOnWriteArrayList::iterator (13 bytes)
Event: 5.164 Thread 0x0000013d7f7da0a0 nmethod 2167 0x0000013d6fa5b810 code [0x0000013d6fa5b9c0, 0x0000013d6fa5bc58]
Event: 5.164 Thread 0x0000013d7f7da0a0 2168       3       java.util.concurrent.CopyOnWriteArrayList$COWIterator::<init> (15 bytes)
Event: 5.164 Thread 0x0000013d7f7da0a0 nmethod 2168 0x0000013d6fa5bd90 code [0x0000013d6fa5bf20, 0x0000013d6fa5c0d8]

GC Heap History (4 events):
Event: 1.404 GC heap before
{Heap before GC invocations=0 (full 0):
 garbage-first heap   total 129024K, used 22528K [0x0000000082c00000, 0x0000000100000000)
  region size 1024K, 23 young (23552K), 0 survivors (0K)
 Metaspace       used 2763K, committed 2944K, reserved 1114112K
  class space    used 293K, committed 384K, reserved 1048576K
}
Event: 1.440 GC heap after
{Heap after GC invocations=1 (full 0):
 garbage-first heap   total 129024K, used 2367K [0x0000000082c00000, 0x0000000100000000)
  region size 1024K, 3 young (3072K), 3 survivors (3072K)
 Metaspace       used 2763K, committed 2944K, reserved 1114112K
  class space    used 293K, committed 384K, reserved 1048576K
}
Event: 3.000 GC heap before
{Heap before GC invocations=1 (full 0):
 garbage-first heap   total 129024K, used 35135K [0x0000000082c00000, 0x0000000100000000)
  region size 1024K, 35 young (35840K), 3 survivors (3072K)
 Metaspace       used 5933K, committed 6144K, reserved 1114112K
  class space    used 698K, committed 832K, reserved 1048576K
}
Event: 3.015 GC heap after
{Heap after GC invocations=2 (full 0):
 garbage-first heap   total 129024K, used 3220K [0x0000000082c00000, 0x0000000100000000)
  region size 1024K, 4 young (4096K), 4 survivors (4096K)
 Metaspace       used 5933K, committed 6144K, reserved 1114112K
  class space    used 698K, committed 832K, reserved 1048576K
}

Deoptimization events (20 events):
Event: 4.669 Thread 0x0000013d6779d6b0 Uncommon trap: trap_request=0xffffffde fr.pc=0x0000013d76bc8e2c relative=0x00000000000001ac
Event: 4.669 Thread 0x0000013d6779d6b0 Uncommon trap: reason=class_check action=maybe_recompile pc=0x0000013d76bc8e2c method=java.lang.String.equals(Ljava/lang/Object;)Z @ 8 c2
Event: 4.669 Thread 0x0000013d6779d6b0 DEOPT PACKING pc=0x0000013d76bc8e2c sp=0x00000018776fe210
Event: 4.669 Thread 0x0000013d6779d6b0 DEOPT UNPACKING pc=0x0000013d6f1223a3 sp=0x00000018776fe1b8 mode 2
Event: 4.669 Thread 0x0000013d6779d6b0 Uncommon trap: trap_request=0xffffffde fr.pc=0x0000013d76bc8e2c relative=0x00000000000001ac
Event: 4.669 Thread 0x0000013d6779d6b0 Uncommon trap: reason=class_check action=maybe_recompile pc=0x0000013d76bc8e2c method=java.lang.String.equals(Ljava/lang/Object;)Z @ 8 c2
Event: 4.669 Thread 0x0000013d6779d6b0 DEOPT PACKING pc=0x0000013d76bc8e2c sp=0x00000018776fe1c0
Event: 4.669 Thread 0x0000013d6779d6b0 DEOPT UNPACKING pc=0x0000013d6f1223a3 sp=0x00000018776fe158 mode 2
Event: 4.672 Thread 0x0000013d6779d6b0 Uncommon trap: trap_request=0xffffffde fr.pc=0x0000013d76bc8e2c relative=0x00000000000001ac
Event: 4.672 Thread 0x0000013d6779d6b0 Uncommon trap: reason=class_check action=maybe_recompile pc=0x0000013d76bc8e2c method=java.lang.String.equals(Ljava/lang/Object;)Z @ 8 c2
Event: 4.672 Thread 0x0000013d6779d6b0 DEOPT PACKING pc=0x0000013d76bc8e2c sp=0x00000018776fde40
Event: 4.673 Thread 0x0000013d6779d6b0 DEOPT UNPACKING pc=0x0000013d6f1223a3 sp=0x00000018776fddd8 mode 2
Event: 4.719 Thread 0x0000013d6779d6b0 Uncommon trap: trap_request=0xffffffc6 fr.pc=0x0000013d76c68924 relative=0x00000000000002e4
Event: 4.719 Thread 0x0000013d6779d6b0 Uncommon trap: reason=bimorphic_or_optimized_type_check action=maybe_recompile pc=0x0000013d76c68924 method=java.util.concurrent.ConcurrentHashMap.get(Ljava/lang/Object;)Ljava/lang/Object; @ 149 c2
Event: 4.719 Thread 0x0000013d6779d6b0 DEOPT PACKING pc=0x0000013d76c68924 sp=0x00000018776fcd50
Event: 4.719 Thread 0x0000013d6779d6b0 DEOPT UNPACKING pc=0x0000013d6f1223a3 sp=0x00000018776fccb0 mode 2
Event: 4.719 Thread 0x0000013d6779d6b0 Uncommon trap: trap_request=0xffffffc6 fr.pc=0x0000013d76c68924 relative=0x00000000000002e4
Event: 4.719 Thread 0x0000013d6779d6b0 Uncommon trap: reason=bimorphic_or_optimized_type_check action=maybe_recompile pc=0x0000013d76c68924 method=java.util.concurrent.ConcurrentHashMap.get(Ljava/lang/Object;)Ljava/lang/Object; @ 149 c2
Event: 4.719 Thread 0x0000013d6779d6b0 DEOPT PACKING pc=0x0000013d76c68924 sp=0x00000018776fcd50
Event: 4.719 Thread 0x0000013d6779d6b0 DEOPT UNPACKING pc=0x0000013d6f1223a3 sp=0x00000018776fccb0 mode 2

Classes loaded (20 events):
Event: 3.763 Loading class java/util/regex/Pattern$Prolog
Event: 3.763 Loading class java/util/regex/Pattern$Prolog done
Event: 4.232 Loading class javax/naming/ldap/LdapContext
Event: 4.232 Loading class javax/naming/directory/DirContext
Event: 4.232 Loading class javax/naming/Context
Event: 4.233 Loading class javax/naming/Context done
Event: 4.233 Loading class javax/naming/directory/DirContext done
Event: 4.233 Loading class javax/naming/ldap/LdapContext done
Event: 4.929 Loading class java/util/concurrent/ExecutionException
Event: 4.930 Loading class java/util/concurrent/ExecutionException done
Event: 4.932 Loading class java/util/concurrent/FutureTask
Event: 4.933 Loading class java/util/concurrent/RunnableFuture
Event: 4.933 Loading class java/util/concurrent/RunnableFuture done
Event: 4.933 Loading class java/util/concurrent/FutureTask done
Event: 4.933 Loading class java/util/concurrent/FutureTask$WaitNode
Event: 4.934 Loading class java/util/concurrent/FutureTask$WaitNode done
Event: 4.983 Loading class java/lang/ClassFormatError
Event: 4.983 Loading class java/lang/ClassFormatError done
Event: 5.100 Loading class java/util/DualPivotQuicksort
Event: 5.101 Loading class java/util/DualPivotQuicksort done

Classes unloaded (0 events):
No events

Classes redefined (0 events):
No events

Internal exceptions (20 events):
Event: 3.607 Thread 0x0000013d6779d6b0 Exception <a 'java/lang/ClassNotFoundException'{0x0000000089c3e5f8}: java/lang/ObjectCustomizer> (0x0000000089c3e5f8) 
thrown [s\open\src\hotspot\share\classfile\systemDictionary.cpp, line 255]
Event: 3.613 Thread 0x0000013d6779d6b0 Exception <a 'java/lang/IncompatibleClassChangeError'{0x0000000089c435d8}: Found class java.lang.Object, but interface was expected> (0x0000000089c435d8) 
thrown [s\open\src\hotspot\share\interpreter\linkResolver.cpp, line 833]
Event: 3.629 Thread 0x0000013d6779d6b0 Exception <a 'java/lang/ClassNotFoundException'{0x0000000089c71980}: org/springframework/context/annotation/ConfigurationClassPostProcessorCustomizer> (0x0000000089c71980) 
thrown [s\open\src\hotspot\share\classfile\systemDictionary.cpp, line 255]
Event: 3.654 Thread 0x0000013d6779d6b0 Exception <a 'java/lang/ClassNotFoundException'{0x0000000089b07688}: org/springframework/beans/factory/support/BeanDefinitionRegistryPostProcessorCustomizer> (0x0000000089b07688) 
thrown [s\open\src\hotspot\share\classfile\systemDictionary.cpp, line 255]
Event: 3.656 Thread 0x0000013d6779d6b0 Exception <a 'java/lang/ClassNotFoundException'{0x0000000089b1bd48}: org/springframework/beans/factory/config/BeanFactoryPostProcessorCustomizer> (0x0000000089b1bd48) 
thrown [s\open\src\hotspot\share\classfile\systemDictionary.cpp, line 255]
Event: 3.657 Thread 0x0000013d6779d6b0 Exception <a 'java/lang/ClassNotFoundException'{0x0000000089b2eae0}: org/springframework/core/PriorityOrderedCustomizer> (0x0000000089b2eae0) 
thrown [s\open\src\hotspot\share\classfile\systemDictionary.cpp, line 255]
Event: 3.658 Thread 0x0000013d6779d6b0 Exception <a 'java/lang/ClassNotFoundException'{0x0000000089b3fe08}: org/springframework/core/OrderedCustomizer> (0x0000000089b3fe08) 
thrown [s\open\src\hotspot\share\classfile\systemDictionary.cpp, line 255]
Event: 3.659 Thread 0x0000013d6779d6b0 Exception <a 'java/lang/ClassNotFoundException'{0x0000000089b53018}: org/springframework/context/ResourceLoaderAwareCustomizer> (0x0000000089b53018) 
thrown [s\open\src\hotspot\share\classfile\systemDictionary.cpp, line 255]
Event: 3.661 Thread 0x0000013d6779d6b0 Exception <a 'java/lang/ClassNotFoundException'{0x0000000089b65cc0}: org/springframework/beans/factory/AwareCustomizer> (0x0000000089b65cc0) 
thrown [s\open\src\hotspot\share\classfile\systemDictionary.cpp, line 255]
Event: 3.662 Thread 0x0000013d6779d6b0 Exception <a 'java/lang/ClassNotFoundException'{0x0000000089b78728}: org/springframework/beans/factory/BeanClassLoaderAwareCustomizer> (0x0000000089b78728) 
thrown [s\open\src\hotspot\share\classfile\systemDictionary.cpp, line 255]
Event: 3.663 Thread 0x0000013d6779d6b0 Exception <a 'java/lang/ClassNotFoundException'{0x0000000089b8b608}: org/springframework/beans/factory/AwareCustomizer> (0x0000000089b8b608) 
thrown [s\open\src\hotspot\share\classfile\systemDictionary.cpp, line 255]
Event: 3.664 Thread 0x0000013d6779d6b0 Exception <a 'java/lang/ClassNotFoundException'{0x0000000089b9d590}: org/springframework/context/EnvironmentAwareCustomizer> (0x0000000089b9d590) 
thrown [s\open\src\hotspot\share\classfile\systemDictionary.cpp, line 255]
Event: 3.665 Thread 0x0000013d6779d6b0 Exception <a 'java/lang/ClassNotFoundException'{0x0000000089bb0170}: org/springframework/beans/factory/AwareCustomizer> (0x0000000089bb0170) 
thrown [s\open\src\hotspot\share\classfile\systemDictionary.cpp, line 255]
Event: 3.752 Thread 0x0000013d6779d6b0 Exception <a 'java/lang/ClassNotFoundException'{0x0000000089809e40}: org/springframework/boot/loader/jar/Handler> (0x0000000089809e40) 
thrown [s\open\src\hotspot\share\classfile\systemDictionary.cpp, line 255]
Event: 4.063 Thread 0x0000013d6779d6b0 Exception <a 'java/lang/NoSuchMethodError'{0x00000000892e2438}: 'int java.lang.invoke.DirectMethodHandle$Holder.invokeSpecialIFC(java.lang.Object, java.lang.Object, java.lang.Object, java.lang.Object)'> (0x00000000892e2438) 
thrown [s\open\src\hotspot\share\interpreter\linkResolver.cpp, line 766]
Event: 4.315 Thread 0x0000013d6779d6b0 Exception <a 'java/lang/IncompatibleClassChangeError'{0x0000000088793e30}: Found class java.lang.Object, but interface was expected> (0x0000000088793e30) 
thrown [s\open\src\hotspot\share\interpreter\linkResolver.cpp, line 833]
Event: 4.437 Thread 0x0000013d6779d6b0 Exception <a 'java/lang/NoSuchMethodError'{0x000000008817f258}: 'void java.lang.invoke.DirectMethodHandle$Holder.invokeStatic(java.lang.Object, java.lang.Object, java.lang.Object, java.lang.Object)'> (0x000000008817f258) 
thrown [s\open\src\hotspot\share\interpreter\linkResolver.cpp, line 766]
Event: 4.442 Thread 0x0000013d6779d6b0 Exception <a 'java/lang/NoSuchMethodError'{0x000000008818df28}: 'void java.lang.invoke.DirectMethodHandle$Holder.invokeInterface(java.lang.Object, java.lang.Object, java.lang.Object, java.lang.Object)'> (0x000000008818df28) 
thrown [s\open\src\hotspot\share\interpreter\linkResolver.cpp, line 766]
Event: 5.047 Thread 0x0000013d6779d6b0 Exception <a 'java/lang/NoSuchMethodError'{0x00000000871d83f0}: 'java.lang.Object java.lang.invoke.Invokers$Holder.invokeExact_MT(java.lang.Object, java.lang.Object, java.lang.Object, java.lang.Object, java.lang.Object)'> (0x00000000871d83f0) 
thrown [s\open\src\hotspot\share\interpreter\linkResolver.cpp, line 766]
Event: 5.114 Thread 0x0000013d6779d6b0 Exception <a 'java/lang/NoSuchMethodError'{0x0000000086fbc228}: 'void java.lang.invoke.Invokers$Holder.invokeExact_MT(java.lang.Object, java.lang.Object, java.lang.Object)'> (0x0000000086fbc228) 
thrown [s\open\src\hotspot\share\interpreter\linkResolver.cpp, line 766]

VM Operations (20 events):
Event: 1.403 Executing VM operation: G1CollectForAllocation
Event: 1.440 Executing VM operation: G1CollectForAllocation done
Event: 1.507 Executing VM operation: HandshakeAllThreads
Event: 1.507 Executing VM operation: HandshakeAllThreads done
Event: 2.507 Executing VM operation: Cleanup
Event: 2.507 Executing VM operation: Cleanup done
Event: 2.672 Executing VM operation: HandshakeAllThreads
Event: 2.672 Executing VM operation: HandshakeAllThreads done
Event: 3.000 Executing VM operation: G1CollectForAllocation
Event: 3.015 Executing VM operation: G1CollectForAllocation done
Event: 3.226 Executing VM operation: HandshakeAllThreads
Event: 3.226 Executing VM operation: HandshakeAllThreads done
Event: 3.621 Executing VM operation: HandshakeAllThreads
Event: 3.621 Executing VM operation: HandshakeAllThreads done
Event: 3.725 Executing VM operation: HandshakeAllThreads
Event: 3.725 Executing VM operation: HandshakeAllThreads done
Event: 4.548 Executing VM operation: ICBufferFull
Event: 4.549 Executing VM operation: ICBufferFull done
Event: 4.938 Executing VM operation: HandshakeAllThreads
Event: 4.938 Executing VM operation: HandshakeAllThreads done

Events (20 events):
Event: 0.139 Loaded shared library C:\Program Files\Java\jdk-18.0.1.1\bin\net.dll
Event: 0.143 Loaded shared library C:\Program Files\Java\jdk-18.0.1.1\bin\nio.dll
Event: 0.149 Loaded shared library C:\Program Files\Java\jdk-18.0.1.1\bin\zip.dll
Event: 0.362 Thread 0x0000013d0a115d90 Thread added: 0x0000013d0a115d90
Event: 0.373 Loaded shared library C:\Program Files\Java\jdk-18.0.1.1\bin\jimage.dll
Event: 0.471 Thread 0x0000013d0a333070 Thread added: 0x0000013d0a333070
Event: 1.089 Thread 0x0000013d0a333070 Thread exited: 0x0000013d0a333070
Event: 1.642 Thread 0x0000013d0a72ecb0 Thread added: 0x0000013d0a72ecb0
Event: 2.496 Loaded shared library C:\Program Files\Java\jdk-18.0.1.1\bin\management.dll
Event: 2.504 Loaded shared library C:\Program Files\Java\jdk-18.0.1.1\bin\management_ext.dll
Event: 2.695 Thread 0x0000013d0c053190 Thread added: 0x0000013d0c053190
Event: 2.721 Thread 0x0000013d0c053190 Thread exited: 0x0000013d0c053190
Event: 2.893 Thread 0x0000013d0a72ecb0 Thread exited: 0x0000013d0a72ecb0
Event: 3.507 Thread 0x0000013d0a115d90 Thread exited: 0x0000013d0a115d90
Event: 4.127 Thread 0x0000013d0ae13890 Thread added: 0x0000013d0ae13890
Event: 4.200 Thread 0x0000013d0a4994d0 Thread added: 0x0000013d0a4994d0
Event: 4.272 Thread 0x0000013d0a4994d0 Thread exited: 0x0000013d0a4994d0
Event: 4.561 Thread 0x0000013d0ab1a2b0 Thread added: 0x0000013d0ab1a2b0
Event: 4.868 Loaded shared library C:\Program Files\Java\jdk-18.0.1.1\bin\verify.dll
Event: 5.107 Thread 0x0000013d0ab1a2b0 Thread exited: 0x0000013d0ab1a2b0


Dynamic libraries:
0x00007ff7ae790000 - 0x00007ff7ae7a0000 	C:\Program Files\Java\jdk-18.0.1.1\bin\java.exe
0x00007ff85e010000 - 0x00007ff85e224000 	C:\WINDOWS\SYSTEM32\ntdll.dll
0x00007ff85d3d0000 - 0x00007ff85d492000 	C:\WINDOWS\System32\KERNEL32.DLL
0x00007ff85b920000 - 0x00007ff85bcc3000 	C:\WINDOWS\System32\KERNELBASE.dll
0x00007ff85b7d0000 - 0x00007ff85b8e1000 	C:\WINDOWS\System32\ucrtbase.dll
0x00007ff854af0000 - 0x00007ff854b0a000 	C:\Program Files\Java\jdk-18.0.1.1\bin\VCRUNTIME140.dll
0x00007ff8549a0000 - 0x00007ff8549b8000 	C:\Program Files\Java\jdk-18.0.1.1\bin\jli.dll
0x00007ff85be20000 - 0x00007ff85bece000 	C:\WINDOWS\System32\ADVAPI32.dll
0x00007ff85d300000 - 0x00007ff85d3a7000 	C:\WINDOWS\System32\msvcrt.dll
0x00007ff85d900000 - 0x00007ff85d9a4000 	C:\WINDOWS\System32\sechost.dll
0x00007ff85d1c0000 - 0x00007ff85d2d7000 	C:\WINDOWS\System32\RPCRT4.dll
0x00007ff85d4a0000 - 0x00007ff85d64b000 	C:\WINDOWS\System32\USER32.dll
0x00007ff85b8f0000 - 0x00007ff85b916000 	C:\WINDOWS\System32\win32u.dll
0x00007ff85bdf0000 - 0x00007ff85be19000 	C:\WINDOWS\System32\GDI32.dll
0x00007ff85bcd0000 - 0x00007ff85bde9000 	C:\WINDOWS\System32\gdi32full.dll
0x00007ff85b6b0000 - 0x00007ff85b74a000 	C:\WINDOWS\System32\msvcp_win.dll
0x00007ff83da20000 - 0x00007ff83dcae000 	C:\WINDOWS\WinSxS\amd64_microsoft.windows.common-controls_6595b64144ccf1df_6.0.22621.1635_none_270f70857386168e\COMCTL32.dll
0x00007ff854dd0000 - 0x00007ff854dda000 	C:\WINDOWS\SYSTEM32\VERSION.dll
0x00007ff85dd20000 - 0x00007ff85dd51000 	C:\WINDOWS\System32\IMM32.DLL
0x00007ff856030000 - 0x00007ff85603c000 	C:\Program Files\Java\jdk-18.0.1.1\bin\vcruntime140_1.dll
0x00007ff827140000 - 0x00007ff8271cd000 	C:\Program Files\Java\jdk-18.0.1.1\bin\msvcp140.dll
0x00007ffff3130000 - 0x00007ffff3d40000 	C:\Program Files\Java\jdk-18.0.1.1\bin\server\jvm.dll
0x00007ff85d9b0000 - 0x00007ff85d9b8000 	C:\WINDOWS\System32\PSAPI.DLL
0x00007ff854870000 - 0x00007ff8548a4000 	C:\WINDOWS\SYSTEM32\WINMM.dll
0x00007ff858270000 - 0x00007ff858279000 	C:\WINDOWS\SYSTEM32\WSOCK32.dll
0x00007ff85c260000 - 0x00007ff85c2d1000 	C:\WINDOWS\System32\WS2_32.dll
0x00007ff85a550000 - 0x00007ff85a568000 	C:\WINDOWS\SYSTEM32\kernel.appcore.dll
0x00007ff8493d0000 - 0x00007ff8493da000 	C:\Program Files\Java\jdk-18.0.1.1\bin\jimage.dll
0x00007ff846a20000 - 0x00007ff846c4e000 	C:\WINDOWS\SYSTEM32\DBGHELP.DLL
0x00007ff85bed0000 - 0x00007ff85c259000 	C:\WINDOWS\System32\combase.dll
0x00007ff85d080000 - 0x00007ff85d157000 	C:\WINDOWS\System32\OLEAUT32.dll
0x00007ff842a20000 - 0x00007ff842a52000 	C:\WINDOWS\SYSTEM32\dbgcore.DLL
0x00007ff85b750000 - 0x00007ff85b7cb000 	C:\WINDOWS\System32\bcryptPrimitives.dll
0x00007ff846000000 - 0x00007ff846025000 	C:\Program Files\Java\jdk-18.0.1.1\bin\java.dll
0x00007ff826ba0000 - 0x00007ff826c76000 	C:\Program Files\Java\jdk-18.0.1.1\bin\jsvml.dll
0x00007ff85c860000 - 0x00007ff85d05a000 	C:\WINDOWS\System32\SHELL32.dll
0x00007ff859420000 - 0x00007ff859cee000 	C:\WINDOWS\SYSTEM32\windows.storage.dll
0x00007ff8592e0000 - 0x00007ff85941e000 	C:\WINDOWS\SYSTEM32\wintypes.dll
0x00007ff85d6e0000 - 0x00007ff85d7d1000 	C:\WINDOWS\System32\SHCORE.dll
0x00007ff85d160000 - 0x00007ff85d1be000 	C:\WINDOWS\System32\shlwapi.dll
0x00007ff85b340000 - 0x00007ff85b361000 	C:\WINDOWS\SYSTEM32\profapi.dll
0x00007ff849360000 - 0x00007ff849373000 	C:\Program Files\Java\jdk-18.0.1.1\bin\net.dll
0x00007ff854b70000 - 0x00007ff854ca7000 	C:\WINDOWS\SYSTEM32\WINHTTP.dll
0x00007ff85a9c0000 - 0x00007ff85aa29000 	C:\WINDOWS\system32\mswsock.dll
0x00007ff848ab0000 - 0x00007ff848ac6000 	C:\Program Files\Java\jdk-18.0.1.1\bin\nio.dll
0x00007ff845fe0000 - 0x00007ff845ff8000 	C:\Program Files\Java\jdk-18.0.1.1\bin\zip.dll
0x00007ff8493c0000 - 0x00007ff8493c9000 	C:\Program Files\Java\jdk-18.0.1.1\bin\management.dll
0x00007ff849180000 - 0x00007ff84918b000 	C:\Program Files\Java\jdk-18.0.1.1\bin\management_ext.dll
0x00007ff822c70000 - 0x00007ff822c87000 	C:\WINDOWS\system32\napinsp.dll
0x00007ff822c50000 - 0x00007ff822c6b000 	C:\WINDOWS\system32\pnrpnsp.dll
0x00007ff85a030000 - 0x00007ff85a123000 	C:\WINDOWS\SYSTEM32\DNSAPI.dll
0x00007ff859fc0000 - 0x00007ff859fed000 	C:\WINDOWS\SYSTEM32\IPHLPAPI.DLL
0x00007ff85d3b0000 - 0x00007ff85d3b9000 	C:\WINDOWS\System32\NSI.dll
0x00007ff8227b0000 - 0x00007ff8227c1000 	C:\WINDOWS\System32\winrnr.dll
0x00007ff82e720000 - 0x00007ff82e735000 	C:\WINDOWS\system32\wshbth.dll
0x00007ff822ad0000 - 0x00007ff822af1000 	C:\WINDOWS\system32\nlansp_c.dll
0x00007ff851560000 - 0x00007ff85156a000 	C:\Windows\System32\rasadhlp.dll
0x00007ff853cd0000 - 0x00007ff853d54000 	C:\WINDOWS\System32\fwpuclnt.dll
0x00007ff8489d0000 - 0x00007ff8489e0000 	C:\Program Files\Java\jdk-18.0.1.1\bin\verify.dll

dbghelp: loaded successfully - version: 4.0.5 - missing functions: none
symbol engine: initialized successfully - sym options: 0x614 - pdb path: .;C:\Program Files\Java\jdk-18.0.1.1\bin;C:\WINDOWS\SYSTEM32;C:\WINDOWS\WinSxS\amd64_microsoft.windows.common-controls_6595b64144ccf1df_6.0.22621.1635_none_270f70857386168e;C:\Program Files\Java\jdk-18.0.1.1\bin\server

VM Arguments:
java_command: c:\Users\modug\.vscode\extensions\salesforce.salesforce-vscode-slds-1.4.8\lsp-0.0.13-executable.jar --PORT=53352
java_class_path (initial): c:\Users\modug\.vscode\extensions\salesforce.salesforce-vscode-slds-1.4.8\lsp-0.0.13-executable.jar
Launcher Type: SUN_STANDARD

[Global flags]
     intx CICompilerCount                          = 4                                         {product} {ergonomic}
     uint ConcGCThreads                            = 3                                         {product} {ergonomic}
     uint G1ConcRefinementThreads                  = 10                                        {product} {ergonomic}
   size_t G1HeapRegionSize                         = 1048576                                   {product} {ergonomic}
    uintx GCDrainStackTargetSize                   = 64                                        {product} {ergonomic}
   size_t InitialHeapSize                          = 132120576                                 {product} {ergonomic}
   size_t MarkStackSize                            = 4194304                                   {product} {ergonomic}
   size_t MaxHeapSize                              = 2101346304                                {product} {ergonomic}
   size_t MaxNewSize                               = 1260388352                                {product} {ergonomic}
   size_t MinHeapDeltaBytes                        = 1048576                                   {product} {ergonomic}
   size_t MinHeapSize                              = 8388608                                   {product} {ergonomic}
    uintx NonNMethodCodeHeapSize                   = 5839372                                {pd product} {ergonomic}
    uintx NonProfiledCodeHeapSize                  = 122909434                              {pd product} {ergonomic}
    uintx ProfiledCodeHeapSize                     = 122909434                              {pd product} {ergonomic}
    uintx ReservedCodeCacheSize                    = 251658240                              {pd product} {ergonomic}
     bool SegmentedCodeCache                       = true                                      {product} {ergonomic}
   size_t SoftMaxHeapSize                          = 2101346304                             {manageable} {ergonomic}
     bool UseCompressedClassPointers               = true                           {product lp64_product} {ergonomic}
     bool UseCompressedOops                        = true                           {product lp64_product} {ergonomic}
     bool UseG1GC                                  = true                                      {product} {ergonomic}
     bool UseLargePagesIndividualAllocation        = false                                  {pd product} {ergonomic}

Logging:
Log output configuration:
 #0: stdout all=warning uptime,level,tags foldmultilines=false
 #1: stderr all=off uptime,level,tags foldmultilines=false

Environment Variables:
JAVA_HOME=C:\Program Files\Java\jdk-18.0.1.1
CLASSPATH=C:\Program Files\Java\jdk-18.0.1.1\lib\*.jar
PATH=C:\Program Files\Common Files\Oracle\Java\javapath;C:\Windows\system32;C:\Windows;C:\Windows\System32\Wbem;C:\Windows\System32\WindowsPowerShell\v1.0\;C:\Windows\System32\OpenSSH\;C:\Program Files (x86)\NVIDIA Corporation\PhysX\Common;C:\Program Files\NVIDIA Corporation\NVIDIA NvDLISR;C:\Program Files\CodeBlocks\MinGW\bin;C:\WINDOWS\system32;C:\WINDOWS;C:\WINDOWS\System32\Wbem;C:\WINDOWS\System32\WindowsPowerShell\v1.0\;C:\WINDOWS\System32\OpenSSH\;C:\Program Files\MySQL\MySQL Server 8.0\bin;C:\Program Files\Java\jdk-18.0.1.1\bin;C:\Program Files\Git\cmd;C:\Program Files\dotnet\;C:\Program Files\nodejs\;C:\Program Files\Microsoft SQL Server\150\Tools\Binn\;C:\Program Files\Microsoft SQL Server\Client SDK\ODBC\170\Tools\Binn\;C:\Program Files\PuTTY\;C:\WINDOWS\system32;C:\WINDOWS;C:\WINDOWS\System32\Wbem;C:\WINDOWS\System32\WindowsPowerShell\v1.0\;C:\WINDOWS\System32\OpenSSH\;C:\Program Files\sfdx\bin;C:\Program Files\MySQL\MySQL Shell 8.0\bin\;C:\Users\modug\anaconda3;C:\Users\modug\anaconda3\Library\mingw-w64\bin;C:\Users\modug\anaconda3\Library\usr\bin;C:\Users\modug\anaconda3\Library\bin;C:\Users\modug\anaconda3\Scripts;C:\Users\modug\AppData\Local\Programs\Python\Python39\Scripts\;C:\Users\modug\AppData\Local\Programs\Python\Python39\;C:\Users\modug\AppData\Local\Microsoft\WindowsApps;C:\Users\modug\AppData\Local\Programs\Microsoft VS Code\bin;C:\Program Files\Java\jdk-18.0.1.1\bin;C:\Program Files\CMake\bin;C:\Users\modug\.dotnet\tools;C:\Users\modug\AppData\Roaming\npm;
USERNAME=modug
OS=Windows_NT
PROCESSOR_IDENTIFIER=Intel64 Family 6 Model 165 Stepping 2, GenuineIntel



---------------  S Y S T E M  ---------------

OS:
 Windows 11 , 64 bit Build 22621 (10.0.22621.1778)
OS uptime: 3 days 9:25 hours

CPU: total 12 (initial active 12) (6 cores per cpu, 2 threads per core) family 6 model 165 stepping 2 microcode 0xe2, cx8, cmov, fxsr, ht, mmx, 3dnowpref, sse, sse2, sse3, ssse3, sse4.1, sse4.2, popcnt, lzcnt, tsc, tscinvbit, avx, avx2, aes, erms, clmul, bmi1, bmi2, adx, fma, vzeroupper, clflush, clflushopt

Memory: 4k page, system-wide physical 8013M (2092M free)
TotalPageFile size 9910M (AvailPageFile size 5M)
current process WorkingSet (physical memory assigned to process): 141M, peak: 141M
current process commit charge ("private bytes"): 256M, peak: 257M

vm_info: Java HotSpot(TM) 64-Bit Server VM (18.0.1.1+2-6) for windows-amd64 JRE (18.0.1.1+2-6), built on Apr 25 2022 21:53:15 by "mach5one" with MS VC++ 16.8 / 16.9 (VS2019)

END.
